Using pre-set license
Built from '2020.3/staging' branch; Version is '2020.3.16f1 (049d6eca3c44) revision 302446'; Using compiler version '192528614'; Build Type 'Release'
OS: 'Windows 10 Home; OS build 19043.1348; Version 2009; 64bit' Language: 'en' Physical Memory: 16235 MB
BatchMode: 1, IsHumanControllingUs: 0, StartBugReporterOnCrash: 0, Is64bit: 1, IsPro: 0

 COMMAND LINE ARGUMENTS:
C:\Program Files\Unity\Hub\Editor\2020.3.16f1\Editor\Unity.exe
-adb2
-batchMode
-noUpm
-name
AssetImportWorker0
-projectPath
C:/Users/tlac5/OneDrive/Desktop/Rollaball/Roll-A-Ball
-logFile
Logs/AssetImportWorker0.log
-srvPort
52542
Successfully changed project path to: C:/Users/tlac5/OneDrive/Desktop/Rollaball/Roll-A-Ball
C:/Users/tlac5/OneDrive/Desktop/Rollaball/Roll-A-Ball
Using Asset Import Pipeline V2.
Refreshing native plugins compatible for Editor in 61.94 ms, found 2 plugins.
Preloading 0 native plugins for Editor in 0.00 ms.
Initialize engine version: 2020.3.16f1 (049d6eca3c44)
[Subsystems] Discovering subsystems at path C:/Program Files/Unity/Hub/Editor/2020.3.16f1/Editor/Data/Resources/UnitySubsystems
[Subsystems] Discovering subsystems at path C:/Users/tlac5/OneDrive/Desktop/Rollaball/Roll-A-Ball/Assets
GfxDevice: creating device client; threaded=0
Direct3D:
    Version:  Direct3D 11.0 [level 11.1]
    Renderer: NVIDIA GeForce GTX 1650 (ID=0x1f91)
    Vendor:   
    VRAM:     3962 MB
    Driver:   30.0.14.9649
Shader 'Universal Render Pipeline/Particles/Lit': fallback shader 'Universal Render Pipeline/Particles/SimpleLit' not found
Initialize mono
Mono path[0] = 'C:/Program Files/Unity/Hub/Editor/2020.3.16f1/Editor/Data/Managed'
Mono path[1] = 'C:/Program Files/Unity/Hub/Editor/2020.3.16f1/Editor/Data/MonoBleedingEdge/lib/mono/unityjit'
Mono config path = 'C:/Program Files/Unity/Hub/Editor/2020.3.16f1/Editor/Data/MonoBleedingEdge/etc'
Using monoOptions --debugger-agent=transport=dt_socket,embedding=1,server=y,suspend=n,address=127.0.0.1:56468
Begin MonoManager ReloadAssembly
Registering precompiled unity dll's ...
Register platform support module: C:/Program Files/Unity/Hub/Editor/2020.3.16f1/Editor/Data/PlaybackEngines/WindowsStandaloneSupport/UnityEditor.WindowsStandalone.Extensions.dll
Registered in 0.002626 seconds.
Native extension for WindowsStandalone target not found
Refreshing native plugins compatible for Editor in 60.78 ms, found 2 plugins.
Preloading 0 native plugins for Editor in 0.00 ms.
Mono: successfully reloaded assembly
- Completed reload, in  1.045 seconds
Domain Reload Profiling:
	ReloadAssembly (1047ms)
		BeginReloadAssembly (50ms)
			ExecutionOrderSort (0ms)
			DisableScriptedObjects (0ms)
			BackupInstance (0ms)
			ReleaseScriptingObjects (0ms)
			CreateAndSetChildDomain (1ms)
		EndReloadAssembly (427ms)
			LoadAssemblies (47ms)
			RebuildTransferFunctionScriptingTraits (0ms)
			SetupTypeCache (143ms)
			ReleaseScriptCaches (0ms)
			RebuildScriptCaches (30ms)
			SetupLoadedEditorAssemblies (185ms)
				LogAssemblyErrors (0ms)
				InitializePlatformSupportModulesInManaged (5ms)
				SetLoadedEditorAssemblies (0ms)
				RefreshPlugins (63ms)
				BeforeProcessingInitializeOnLoad (15ms)
				ProcessInitializeOnLoadAttributes (75ms)
				ProcessInitializeOnLoadMethodAttributes (27ms)
				AfterProcessingInitializeOnLoad (0ms)
				EditorAssembliesLoaded (0ms)
			ExecutionOrderSort2 (0ms)
			AwakeInstancesAfterBackupRestoration (0ms)
Platform modules already initialized, skipping
Registering precompiled user dll's ...
Registered in 0.004976 seconds.
Begin MonoManager ReloadAssembly
Native extension for WindowsStandalone target not found
Refreshing native plugins compatible for Editor in 62.38 ms, found 2 plugins.
Preloading 0 native plugins for Editor in 0.00 ms.
Mono: successfully reloaded assembly
- Completed reload, in  1.285 seconds
Domain Reload Profiling:
	ReloadAssembly (1288ms)
		BeginReloadAssembly (141ms)
			ExecutionOrderSort (0ms)
			DisableScriptedObjects (4ms)
			BackupInstance (0ms)
			ReleaseScriptingObjects (0ms)
			CreateAndSetChildDomain (16ms)
		EndReloadAssembly (1085ms)
			LoadAssemblies (87ms)
			RebuildTransferFunctionScriptingTraits (0ms)
			SetupTypeCache (330ms)
			ReleaseScriptCaches (1ms)
			RebuildScriptCaches (52ms)
			SetupLoadedEditorAssemblies (491ms)
				LogAssemblyErrors (0ms)
				InitializePlatformSupportModulesInManaged (5ms)
				SetLoadedEditorAssemblies (0ms)
				RefreshPlugins (64ms)
				BeforeProcessingInitializeOnLoad (96ms)
				ProcessInitializeOnLoadAttributes (314ms)
				ProcessInitializeOnLoadMethodAttributes (4ms)
				AfterProcessingInitializeOnLoad (7ms)
				EditorAssembliesLoaded (0ms)
			ExecutionOrderSort2 (0ms)
			AwakeInstancesAfterBackupRestoration (6ms)
Platform modules already initialized, skipping
========================================================================
Worker process is ready to serve import requests
Shader 'Universal Render Pipeline/Particles/Lit': fallback shader 'Universal Render Pipeline/Particles/SimpleLit' not found
Launched and connected shader compiler UnityShaderCompiler.exe after 0.05 seconds
Refreshing native plugins compatible for Editor in 0.64 ms, found 2 plugins.
Preloading 0 native plugins for Editor in 0.00 ms.
Unloading 3508 Unused Serialized files (Serialized files now loaded: 0)
System memory in use before: 163.7 MB.
System memory in use after: 163.9 MB.

Unloading 22 unused Assets to reduce memory usage. Loaded Objects now: 3948.
Total: 3.636000 ms (FindLiveObjects: 0.291900 ms CreateObjectMapping: 0.121100 ms MarkObjects: 3.081000 ms  DeleteObjects: 0.140600 ms)

AssetImportParameters requested are different than current active one (requested -> active):
  custom:framework-win-MediaFoundation: 216162199b28c13a410421893ffa2e32 -> 
  custom:video-decoder-ogg-theora: a1e56fd34408186e4bbccfd4996cb3dc -> 
  custom:container-muxer-webm: aa71ff27fc2769a1b78a27578f13a17b -> 
  custom:container-demuxer-webm: 4f35f7cbe854078d1ac9338744f61a02 -> 
  custom:container-demuxer-ogg: 62fdf1f143b41e24485cea50d1cbac27 -> 
  custom:video-encoder-webm-vp8: eb34c28f22e8b96e1ab97ce403110664 -> 
  custom:video-codec-MediaFoundation-h265: 746d11721c4dcdbdad8f713fa42b33f4 -> 
  custom:video-decoder-webm-vp8: 9c59270c3fd7afecdb556c50c9e8de78 -> 
  custom:audio-decoder-ogg-vorbis: bf7c407c2cedff20999df2af8eb42d56 -> 
  custom:audio-encoder-webm-vorbis: bf7c407c2cedff20999df2af8eb42d56 -> 
========================================================================
Received Import Request.
  path: Assets/Prefab/Player_Camera.prefab
  artifactKey: Guid(02596e322d7a8d040a98fae305928391) Importer(815301076,1909f56bfc062723c751e8b465ee728b)
Start importing Assets/Prefab/Player_Camera.prefab using Guid(02596e322d7a8d040a98fae305928391) Importer(815301076,1909f56bfc062723c751e8b465ee728b)  -> (artifact id: '0e22f4ea17af36b6a475dfa57fbd2f52') in 0.473942 seconds 
  Import took 0.484714 seconds .

========================================================================
Received Import Request.
  Time since last request: 19.795459 seconds.
  path: Assets/Prefab/Arena (2 Opening).prefab
  artifactKey: Guid(bcdbecb62685bb84e93e478333fad9ba) Importer(815301076,1909f56bfc062723c751e8b465ee728b)
Start importing Assets/Prefab/Arena (2 Opening).prefab using Guid(bcdbecb62685bb84e93e478333fad9ba) Importer(815301076,1909f56bfc062723c751e8b465ee728b)  -> (artifact id: '241976eec037e72bb1783e195dd70af6') in 0.020217 seconds 
  Import took 0.027020 seconds .

========================================================================
Received Import Request.
  Time since last request: 2.019352 seconds.
  path: Assets/Prefab/Arena (2 Opening).prefab
  artifactKey: Guid(bcdbecb62685bb84e93e478333fad9ba) Importer(815301076,1909f56bfc062723c751e8b465ee728b)
Start importing Assets/Prefab/Arena (2 Opening).prefab using Guid(bcdbecb62685bb84e93e478333fad9ba) Importer(815301076,1909f56bfc062723c751e8b465ee728b)  -> (artifact id: 'de7e7f46ac46d1dd1753e637fc04bc91') in 0.016972 seconds 
  Import took 0.023681 seconds .

========================================================================
Received Import Request.
  Time since last request: 1.790284 seconds.
  path: Assets/Prefab/Arena (2 Opening).prefab
  artifactKey: Guid(bcdbecb62685bb84e93e478333fad9ba) Importer(815301076,1909f56bfc062723c751e8b465ee728b)
Start importing Assets/Prefab/Arena (2 Opening).prefab using Guid(bcdbecb62685bb84e93e478333fad9ba) Importer(815301076,1909f56bfc062723c751e8b465ee728b)  -> (artifact id: '154d6e097a2f3b55758c201c693d2572') in 0.020284 seconds 
  Import took 0.026752 seconds .

========================================================================
Received Import Request.
  Time since last request: 1.584526 seconds.
  path: Assets/Prefab/Arena (2 Opening).prefab
  artifactKey: Guid(bcdbecb62685bb84e93e478333fad9ba) Importer(815301076,1909f56bfc062723c751e8b465ee728b)
Start importing Assets/Prefab/Arena (2 Opening).prefab using Guid(bcdbecb62685bb84e93e478333fad9ba) Importer(815301076,1909f56bfc062723c751e8b465ee728b)  -> (artifact id: '290e71143940cc42bbf84fc805e925fa') in 0.022010 seconds 
  Import took 0.027564 seconds .

========================================================================
Received Import Request.
  Time since last request: 12.880743 seconds.
  path: Assets/Prefab/Arena (2 Opening).prefab
  artifactKey: Guid(bcdbecb62685bb84e93e478333fad9ba) Importer(815301076,1909f56bfc062723c751e8b465ee728b)
Start importing Assets/Prefab/Arena (2 Opening).prefab using Guid(bcdbecb62685bb84e93e478333fad9ba) Importer(815301076,1909f56bfc062723c751e8b465ee728b)  -> (artifact id: '8087e39696d44e2e2013120fb1e85f0d') in 0.022156 seconds 
  Import took 0.028921 seconds .

AssetImportWorkerClient::OnTransportError - code=2 error=End of file
